{"/Users/yurikahokama/Desktop/GitHub/Beyond/src/app/api/signup/route.ts": {"path":"/Users/yurikahokama/Desktop/GitHub/Beyond/src/app/api/signup/route.ts","all":false,"statementMap":{"0":{"start":{"line":1,"column":0},"end":{"line":1,"column":38}},"1":{"start":{"line":2,"column":0},"end":{"line":2,"column":0}},"2":{"start":{"line":3,"column":0},"end":{"line":3,"column":57}},"3":{"start":{"line":4,"column":0},"end":{"line":4,"column":29}},"4":{"start":{"line":5,"column":0},"end":{"line":5,"column":0}},"5":{"start":{"line":6,"column":0},"end":{"line":6,"column":27}},"6":{"start":{"line":7,"column":0},"end":{"line":7,"column":41}},"7":{"start":{"line":8,"column":0},"end":{"line":8,"column":60}},"8":{"start":{"line":9,"column":0},"end":{"line":9,"column":3}},"9":{"start":{"line":10,"column":0},"end":{"line":10,"column":51}},"10":{"start":{"line":11,"column":0},"end":{"line":11,"column":1}}},"s":{"0":1,"1":1,"2":1,"3":2,"4":2,"5":2,"6":2,"7":1,"8":1,"9":1,"10":1},"branchMap":{"0":{"type":"branch","line":3,"loc":{"start":{"line":3,"column":15},"end":{"line":11,"column":1}},"locations":[{"start":{"line":3,"column":15},"end":{"line":11,"column":1}}]},"1":{"type":"branch","line":7,"loc":{"start":{"line":7,"column":40},"end":{"line":11,"column":1}},"locations":[{"start":{"line":7,"column":40},"end":{"line":11,"column":1}}]}},"b":{"0":[2],"1":[1]},"fnMap":{"0":{"name":"POST","decl":{"start":{"line":3,"column":15},"end":{"line":11,"column":1}},"loc":{"start":{"line":3,"column":15},"end":{"line":11,"column":1}},"line":3}},"f":{"0":2}}
}
